<?xml version="1.0" encoding="UTF-8"?>
<testsuite name="com.lsq.controller.GirlControllerTest" time="0.279" tests="1" errors="0" skipped="0" failures="1">
  <properties>
    <property name="java.runtime.name" value="Java(TM) SE Runtime Environment"/>
    <property name="sun.boot.library.path" value="C:\Program Files\Java\jdk1.8.0_91\jre\bin"/>
    <property name="java.vm.version" value="25.91-b15"/>
    <property name="java.vm.vendor" value="Oracle Corporation"/>
    <property name="maven.multiModuleProjectDirectory" value="D:\program\idea_workspace\firstspringboot"/>
    <property name="java.vendor.url" value="http://java.oracle.com/"/>
    <property name="path.separator" value=";"/>
    <property name="guice.disable.misplaced.annotation.check" value="true"/>
    <property name="java.vm.name" value="Java HotSpot(TM) 64-Bit Server VM"/>
    <property name="file.encoding.pkg" value="sun.io"/>
    <property name="user.script" value=""/>
    <property name="user.country" value="CN"/>
    <property name="sun.java.launcher" value="SUN_STANDARD"/>
    <property name="sun.os.patch.level" value="Service Pack 1"/>
    <property name="java.vm.specification.name" value="Java Virtual Machine Specification"/>
    <property name="user.dir" value="D:\program\idea_workspace\firstspringboot"/>
    <property name="java.runtime.version" value="1.8.0_91-b15"/>
    <property name="java.awt.graphicsenv" value="sun.awt.Win32GraphicsEnvironment"/>
    <property name="java.endorsed.dirs" value="C:\Program Files\Java\jdk1.8.0_91\jre\lib\endorsed"/>
    <property name="os.arch" value="amd64"/>
    <property name="java.io.tmpdir" value="C:\Users\ADMINI~1\AppData\Local\Temp\"/>
    <property name="line.separator" value="&#10;"/>
    <property name="java.vm.specification.vendor" value="Oracle Corporation"/>
    <property name="user.variant" value=""/>
    <property name="os.name" value="Windows 7"/>
    <property name="classworlds.conf" value="D:\program\maven\apache-maven-3.3.9\bin\..\bin\m2.conf"/>
    <property name="sun.jnu.encoding" value="GBK"/>
    <property name="java.library.path" value="C:\Program Files\Java\jdk1.8.0_91\bin;C:\Windows\Sun\Java\bin;C:\Windows\system32;C:\Windows;C:\ProgramData\Oracle\Java\javapath;C:\Program Files (x86)\Intel\iCLS Client\;C:\Program Files\Intel\iCLS Client\;C:\Windows\system32;C:\Windows;C:\Windows\System32\Wbem;C:\Windows\System32\WindowsPowerShell\v1.0\;C:\Program Files (x86)\Intel\Intel(R) Management Engine Components\DAL;C:\Program Files\Intel\Intel(R) Management Engine Components\DAL;C:\Program Files (x86)\Intel\Intel(R) Management Engine Components\IPT;C:\Program Files\Intel\Intel(R) Management Engine Components\IPT;C:\Program Files (x86)\NVIDIA Corporation\PhysX\Common;C:\Program Files\Java\jdk1.8.0_91\bin;D:\program\mysql-5.7.11-winx64\bin;D:\program\mysql-5.7.11-winx64\bin;D:\program\mysql-5.7.11-winx64\bin;D:\program\maven\apache-maven-3.3.9\bin;D:\program\Git\cmd;D:\program\sdk\tools;D:\program\sdk\platform-tools;D:\program\nodejs\;C:\Users\Administrator\AppData\Roaming\npm;."/>
    <property name="java.specification.name" value="Java Platform API Specification"/>
    <property name="java.class.version" value="52.0"/>
    <property name="sun.management.compiler" value="HotSpot 64-Bit Tiered Compilers"/>
    <property name="os.version" value="6.1"/>
    <property name="user.home" value="C:\Users\Administrator"/>
    <property name="user.timezone" value="Asia/Shanghai"/>
    <property name="java.awt.printerjob" value="sun.awt.windows.WPrinterJob"/>
    <property name="java.specification.version" value="1.8"/>
    <property name="file.encoding" value="GBK"/>
    <property name="user.name" value="Administrator"/>
    <property name="java.class.path" value="D:\program\maven\apache-maven-3.3.9\bin\..\boot\plexus-classworlds-2.5.2.jar"/>
    <property name="java.vm.specification.version" value="1.8"/>
    <property name="sun.arch.data.model" value="64"/>
    <property name="java.home" value="C:\Program Files\Java\jdk1.8.0_91\jre"/>
    <property name="sun.java.command" value="org.codehaus.plexus.classworlds.launcher.Launcher clean package"/>
    <property name="java.specification.vendor" value="Oracle Corporation"/>
    <property name="user.language" value="zh"/>
    <property name="awt.toolkit" value="sun.awt.windows.WToolkit"/>
    <property name="java.vm.info" value="mixed mode"/>
    <property name="java.version" value="1.8.0_91"/>
    <property name="java.ext.dirs" value="C:\Program Files\Java\jdk1.8.0_91\jre\lib\ext;C:\Windows\Sun\Java\lib\ext"/>
    <property name="sun.boot.class.path" value="C:\Program Files\Java\jdk1.8.0_91\jre\lib\resources.jar;C:\Program Files\Java\jdk1.8.0_91\jre\lib\rt.jar;C:\Program Files\Java\jdk1.8.0_91\jre\lib\sunrsasign.jar;C:\Program Files\Java\jdk1.8.0_91\jre\lib\jsse.jar;C:\Program Files\Java\jdk1.8.0_91\jre\lib\jce.jar;C:\Program Files\Java\jdk1.8.0_91\jre\lib\charsets.jar;C:\Program Files\Java\jdk1.8.0_91\jre\lib\jfr.jar;C:\Program Files\Java\jdk1.8.0_91\jre\classes"/>
    <property name="sun.stderr.encoding" value="cp437"/>
    <property name="java.vendor" value="Oracle Corporation"/>
    <property name="maven.home" value="D:\program\maven\apache-maven-3.3.9\bin\.."/>
    <property name="file.separator" value="\"/>
    <property name="java.vendor.url.bug" value="http://bugreport.sun.com/bugreport/"/>
    <property name="sun.cpu.endian" value="little"/>
    <property name="sun.io.unicode.encoding" value="UnicodeLittle"/>
    <property name="sun.stdout.encoding" value="cp437"/>
    <property name="sun.desktop" value="windows"/>
    <property name="sun.cpu.isalist" value="amd64"/>
  </properties>
  <testcase name="getGirlList" classname="com.lsq.controller.GirlControllerTest" time="0.279">
    <failure message="Response content expected:&lt;abcc&gt; but was:&lt;[{&quot;id&quot;:1,&quot;cupSize&quot;:&quot;A&quot;,&quot;age&quot;:18},{&quot;id&quot;:2,&quot;cupSize&quot;:&quot;C&quot;,&quot;age&quot;:20},{&quot;id&quot;:3,&quot;cupSize&quot;:&quot;C&quot;,&quot;age&quot;:15},{&quot;id&quot;:18,&quot;cupSize&quot;:&quot;F&quot;,&quot;age&quot;:5}]&gt;" type="java.lang.AssertionError"><![CDATA[java.lang.AssertionError: Response content expected:<abcc> but was:<[{"id":1,"cupSize":"A","age":18},{"id":2,"cupSize":"C","age":20},{"id":3,"cupSize":"C","age":15},{"id":18,"cupSize":"F","age":5}]>
	at org.springframework.test.util.AssertionErrors.fail(AssertionErrors.java:54)
	at org.springframework.test.util.AssertionErrors.assertEquals(AssertionErrors.java:81)
	at org.springframework.test.web.servlet.result.ContentResultMatchers$5.match(ContentResultMatchers.java:149)
	at org.springframework.test.web.servlet.MockMvc$1.andExpect(MockMvc.java:171)
	at com.lsq.controller.GirlControllerTest.getGirlList(GirlControllerTest.java:30)
]]></failure>
    <system-out><![CDATA[16:22:43.697 [main] DEBUG org.springframework.test.context.junit4.SpringJUnit4ClassRunner - SpringJUnit4ClassRunner constructor called with [class com.lsq.controller.GirlControllerTest]
16:22:43.702 [main] DEBUG org.springframework.test.context.BootstrapUtils - Instantiating CacheAwareContextLoaderDelegate from class [org.springframework.test.context.cache.DefaultCacheAwareContextLoaderDelegate]
16:22:43.707 [main] DEBUG org.springframework.test.context.BootstrapUtils - Instantiating BootstrapContext using constructor [public org.springframework.test.context.support.DefaultBootstrapContext(java.lang.Class,org.springframework.test.context.CacheAwareContextLoaderDelegate)]
16:22:43.724 [main] DEBUG org.springframework.test.context.BootstrapUtils - Instantiating TestContextBootstrapper for test class [com.lsq.controller.GirlControllerTest] from class [org.springframework.boot.test.context.SpringBootTestContextBootstrapper]
16:22:43.733 [main] INFO org.springframework.boot.test.context.SpringBootTestContextBootstrapper - Neither @ContextConfiguration nor @ContextHierarchy found for test class [com.lsq.controller.GirlControllerTest], using SpringBootContextLoader
16:22:43.736 [main] DEBUG org.springframework.test.context.support.AbstractContextLoader - Did not detect default resource location for test class [com.lsq.controller.GirlControllerTest]: class path resource [com/lsq/controller/GirlControllerTest-context.xml] does not exist
16:22:43.736 [main] DEBUG org.springframework.test.context.support.AbstractContextLoader - Did not detect default resource location for test class [com.lsq.controller.GirlControllerTest]: class path resource [com/lsq/controller/GirlControllerTestContext.groovy] does not exist
16:22:43.736 [main] INFO org.springframework.test.context.support.AbstractContextLoader - Could not detect default resource locations for test class [com.lsq.controller.GirlControllerTest]: no resource found for suffixes {-context.xml, Context.groovy}.
16:22:43.737 [main] INFO org.springframework.test.context.support.AnnotationConfigContextLoaderUtils - Could not detect default configuration classes for test class [com.lsq.controller.GirlControllerTest]: GirlControllerTest does not declare any static, non-private, non-final, nested classes annotated with @Configuration.
16:22:43.780 [main] DEBUG org.springframework.test.context.support.ActiveProfilesUtils - Could not find an 'annotation declaring class' for annotation type [org.springframework.test.context.ActiveProfiles] and class [com.lsq.controller.GirlControllerTest]
16:22:43.786 [main] DEBUG org.springframework.core.env.StandardEnvironment - Adding [systemProperties] PropertySource with lowest search precedence
16:22:43.787 [main] DEBUG org.springframework.core.env.StandardEnvironment - Adding [systemEnvironment] PropertySource with lowest search precedence
16:22:43.787 [main] DEBUG org.springframework.core.env.StandardEnvironment - Initialized StandardEnvironment with PropertySources [systemProperties,systemEnvironment]
16:22:43.795 [main] DEBUG org.springframework.core.io.support.PathMatchingResourcePatternResolver - Resolved classpath location [com/lsq/controller/] to resources [URL [file:/D:/program/idea_workspace/firstspringboot/target/test-classes/com/lsq/controller/], URL [file:/D:/program/idea_workspace/firstspringboot/target/classes/com/lsq/controller/]]
16:22:43.795 [main] DEBUG org.springframework.core.io.support.PathMatchingResourcePatternResolver - Looking for matching resources in directory tree [D:\program\idea_workspace\firstspringboot\target\test-classes\com\lsq\controller]
16:22:43.795 [main] DEBUG org.springframework.core.io.support.PathMatchingResourcePatternResolver - Searching directory [D:\program\idea_workspace\firstspringboot\target\test-classes\com\lsq\controller] for files matching pattern [D:/program/idea_workspace/firstspringboot/target/test-classes/com/lsq/controller/*.class]
16:22:43.798 [main] DEBUG org.springframework.core.io.support.PathMatchingResourcePatternResolver - Looking for matching resources in directory tree [D:\program\idea_workspace\firstspringboot\target\classes\com\lsq\controller]
16:22:43.798 [main] DEBUG org.springframework.core.io.support.PathMatchingResourcePatternResolver - Searching directory [D:\program\idea_workspace\firstspringboot\target\classes\com\lsq\controller] for files matching pattern [D:/program/idea_workspace/firstspringboot/target/classes/com/lsq/controller/*.class]
16:22:43.799 [main] DEBUG org.springframework.core.io.support.PathMatchingResourcePatternResolver - Resolved location pattern [classpath*:com/lsq/controller/*.class] to resources [file [D:\program\idea_workspace\firstspringboot\target\test-classes\com\lsq\controller\GirlControllerTest.class], file [D:\program\idea_workspace\firstspringboot\target\classes\com\lsq\controller\GirlController.class], file [D:\program\idea_workspace\firstspringboot\target\classes\com\lsq\controller\HelloController.class]]
16:22:43.825 [main] DEBUG org.springframework.core.io.support.PathMatchingResourcePatternResolver - Resolved classpath location [com/lsq/] to resources [URL [file:/D:/program/idea_workspace/firstspringboot/target/test-classes/com/lsq/], URL [file:/D:/program/idea_workspace/firstspringboot/target/classes/com/lsq/]]
16:22:43.825 [main] DEBUG org.springframework.core.io.support.PathMatchingResourcePatternResolver - Looking for matching resources in directory tree [D:\program\idea_workspace\firstspringboot\target\test-classes\com\lsq]
16:22:43.825 [main] DEBUG org.springframework.core.io.support.PathMatchingResourcePatternResolver - Searching directory [D:\program\idea_workspace\firstspringboot\target\test-classes\com\lsq] for files matching pattern [D:/program/idea_workspace/firstspringboot/target/test-classes/com/lsq/*.class]
16:22:43.826 [main] DEBUG org.springframework.core.io.support.PathMatchingResourcePatternResolver - Looking for matching resources in directory tree [D:\program\idea_workspace\firstspringboot\target\classes\com\lsq]
16:22:43.827 [main] DEBUG org.springframework.core.io.support.PathMatchingResourcePatternResolver - Searching directory [D:\program\idea_workspace\firstspringboot\target\classes\com\lsq] for files matching pattern [D:/program/idea_workspace/firstspringboot/target/classes/com/lsq/*.class]
16:22:43.828 [main] DEBUG org.springframework.core.io.support.PathMatchingResourcePatternResolver - Resolved location pattern [classpath*:com/lsq/*.class] to resources [file [D:\program\idea_workspace\firstspringboot\target\test-classes\com\lsq\FirstspringbootApplicationTests.class], file [D:\program\idea_workspace\firstspringboot\target\test-classes\com\lsq\GirlServiceTest.class], file [D:\program\idea_workspace\firstspringboot\target\classes\com\lsq\FirstspringbootApplication.class]]
16:22:43.843 [main] DEBUG org.springframework.context.annotation.ClassPathScanningCandidateComponentProvider - Identified candidate component class: file [D:\program\idea_workspace\firstspringboot\target\classes\com\lsq\FirstspringbootApplication.class]
16:22:43.844 [main] INFO org.springframework.boot.test.context.SpringBootTestContextBootstrapper - Found @SpringBootConfiguration com.lsq.FirstspringbootApplication for test class com.lsq.controller.GirlControllerTest
16:22:43.848 [main] DEBUG org.springframework.boot.test.context.SpringBootTestContextBootstrapper - @TestExecutionListeners is not present for class [com.lsq.controller.GirlControllerTest]: using defaults.
16:22:43.851 [main] INFO org.springframework.boot.test.context.SpringBootTestContextBootstrapper - Loaded default TestExecutionListener class names from location [META-INF/spring.factories]: [org.springframework.boot.test.mock.mockito.MockitoTestExecutionListener, org.springframework.boot.test.mock.mockito.ResetMocksTestExecutionListener, org.springframework.boot.test.autoconfigure.restdocs.RestDocsTestExecutionListener, org.springframework.boot.test.autoconfigure.web.client.MockRestServiceServerResetTestExecutionListener, org.springframework.boot.test.autoconfigure.web.servlet.MockMvcPrintOnlyOnFailureTestExecutionListener, org.springframework.boot.test.autoconfigure.web.servlet.WebDriverTestExecutionListener, org.springframework.test.context.web.ServletTestExecutionListener, org.springframework.test.context.support.DirtiesContextBeforeModesTestExecutionListener, org.springframework.test.context.support.DependencyInjectionTestExecutionListener, org.springframework.test.context.support.DirtiesContextTestExecutionListener, org.springframework.test.context.transaction.TransactionalTestExecutionListener, org.springframework.test.context.jdbc.SqlScriptsTestExecutionListener]
16:22:43.866 [main] INFO org.springframework.boot.test.context.SpringBootTestContextBootstrapper - Using TestExecutionListeners: [org.springframework.test.context.web.ServletTestExecutionListener@61009542, org.springframework.test.context.support.DirtiesContextBeforeModesTestExecutionListener@77e9807f, org.springframework.boot.test.autoconfigure.SpringBootDependencyInjectionTestExecutionListener@448ff1a8, org.springframework.test.context.support.DirtiesContextTestExecutionListener@1a38c59b, org.springframework.test.context.transaction.TransactionalTestExecutionListener@7f77e91b, org.springframework.test.context.jdbc.SqlScriptsTestExecutionListener@44a664f2, org.springframework.boot.test.mock.mockito.ResetMocksTestExecutionListener@7f9fcf7f, org.springframework.boot.test.mock.mockito.MockitoTestExecutionListener@2357d90a, org.springframework.boot.test.autoconfigure.web.servlet.WebDriverTestExecutionListener@6328d34a, org.springframework.boot.test.autoconfigure.restdocs.RestDocsTestExecutionListener@145eaa29, org.springframework.boot.test.autoconfigure.web.client.MockRestServiceServerResetTestExecutionListener@15bb6bea, org.springframework.boot.test.autoconfigure.web.servlet.MockMvcPrintOnlyOnFailureTestExecutionListener@8b96fde]
16:22:43.867 [main] DEBUG org.springframework.test.context.junit4.SpringJUnit4ClassRunner - SpringJUnit4ClassRunner constructor called with [class com.lsq.FirstspringbootApplicationTests]
16:22:43.867 [main] DEBUG org.springframework.test.context.BootstrapUtils - Instantiating CacheAwareContextLoaderDelegate from class [org.springframework.test.context.cache.DefaultCacheAwareContextLoaderDelegate]
16:22:43.867 [main] DEBUG org.springframework.test.context.BootstrapUtils - Instantiating BootstrapContext using constructor [public org.springframework.test.context.support.DefaultBootstrapContext(java.lang.Class,org.springframework.test.context.CacheAwareContextLoaderDelegate)]
16:22:43.868 [main] DEBUG org.springframework.test.context.BootstrapUtils - Instantiating TestContextBootstrapper for test class [com.lsq.FirstspringbootApplicationTests] from class [org.springframework.boot.test.context.SpringBootTestContextBootstrapper]
16:22:43.869 [main] INFO org.springframework.boot.test.context.SpringBootTestContextBootstrapper - Neither @ContextConfiguration nor @ContextHierarchy found for test class [com.lsq.FirstspringbootApplicationTests], using SpringBootContextLoader
16:22:43.869 [main] DEBUG org.springframework.test.context.support.AbstractContextLoader - Did not detect default resource location for test class [com.lsq.FirstspringbootApplicationTests]: class path resource [com/lsq/FirstspringbootApplicationTests-context.xml] does not exist
16:22:43.870 [main] DEBUG org.springframework.test.context.support.AbstractContextLoader - Did not detect default resource location for test class [com.lsq.FirstspringbootApplicationTests]: class path resource [com/lsq/FirstspringbootApplicationTestsContext.groovy] does not exist
16:22:43.870 [main] INFO org.springframework.test.context.support.AbstractContextLoader - Could not detect default resource locations for test class [com.lsq.FirstspringbootApplicationTests]: no resource found for suffixes {-context.xml, Context.groovy}.
16:22:43.870 [main] INFO org.springframework.test.context.support.AnnotationConfigContextLoaderUtils - Could not detect default configuration classes for test class [com.lsq.FirstspringbootApplicationTests]: FirstspringbootApplicationTests does not declare any static, non-private, non-final, nested classes annotated with @Configuration.
16:22:43.879 [main] DEBUG org.springframework.test.context.support.ActiveProfilesUtils - Could not find an 'annotation declaring class' for annotation type [org.springframework.test.context.ActiveProfiles] and class [com.lsq.FirstspringbootApplicationTests]
16:22:43.879 [main] DEBUG org.springframework.core.env.StandardEnvironment - Adding [systemProperties] PropertySource with lowest search precedence
16:22:43.879 [main] DEBUG org.springframework.core.env.StandardEnvironment - Adding [systemEnvironment] PropertySource with lowest search precedence
16:22:43.880 [main] DEBUG org.springframework.core.env.StandardEnvironment - Initialized StandardEnvironment with PropertySources [systemProperties,systemEnvironment]
16:22:43.880 [main] DEBUG org.springframework.core.io.support.PathMatchingResourcePatternResolver - Resolved classpath location [com/lsq/] to resources [URL [file:/D:/program/idea_workspace/firstspringboot/target/test-classes/com/lsq/], URL [file:/D:/program/idea_workspace/firstspringboot/target/classes/com/lsq/]]
16:22:43.880 [main] DEBUG org.springframework.core.io.support.PathMatchingResourcePatternResolver - Looking for matching resources in directory tree [D:\program\idea_workspace\firstspringboot\target\test-classes\com\lsq]
16:22:43.880 [main] DEBUG org.springframework.core.io.support.PathMatchingResourcePatternResolver - Searching directory [D:\program\idea_workspace\firstspringboot\target\test-classes\com\lsq] for files matching pattern [D:/program/idea_workspace/firstspringboot/target/test-classes/com/lsq/*.class]
16:22:43.881 [main] DEBUG org.springframework.core.io.support.PathMatchingResourcePatternResolver - Looking for matching resources in directory tree [D:\program\idea_workspace\firstspringboot\target\classes\com\lsq]
16:22:43.881 [main] DEBUG org.springframework.core.io.support.PathMatchingResourcePatternResolver - Searching directory [D:\program\idea_workspace\firstspringboot\target\classes\com\lsq] for files matching pattern [D:/program/idea_workspace/firstspringboot/target/classes/com/lsq/*.class]
16:22:43.882 [main] DEBUG org.springframework.core.io.support.PathMatchingResourcePatternResolver - Resolved location pattern [classpath*:com/lsq/*.class] to resources [file [D:\program\idea_workspace\firstspringboot\target\test-classes\com\lsq\FirstspringbootApplicationTests.class], file [D:\program\idea_workspace\firstspringboot\target\test-classes\com\lsq\GirlServiceTest.class], file [D:\program\idea_workspace\firstspringboot\target\classes\com\lsq\FirstspringbootApplication.class]]
16:22:43.884 [main] DEBUG org.springframework.context.annotation.ClassPathScanningCandidateComponentProvider - Identified candidate component class: file [D:\program\idea_workspace\firstspringboot\target\classes\com\lsq\FirstspringbootApplication.class]
16:22:43.884 [main] INFO org.springframework.boot.test.context.SpringBootTestContextBootstrapper - Found @SpringBootConfiguration com.lsq.FirstspringbootApplication for test class com.lsq.FirstspringbootApplicationTests
16:22:43.886 [main] DEBUG org.springframework.boot.test.context.SpringBootTestContextBootstrapper - @TestExecutionListeners is not present for class [com.lsq.FirstspringbootApplicationTests]: using defaults.
16:22:43.888 [main] INFO org.springframework.boot.test.context.SpringBootTestContextBootstrapper - Loaded default TestExecutionListener class names from location [META-INF/spring.factories]: [org.springframework.boot.test.mock.mockito.MockitoTestExecutionListener, org.springframework.boot.test.mock.mockito.ResetMocksTestExecutionListener, org.springframework.boot.test.autoconfigure.restdocs.RestDocsTestExecutionListener, org.springframework.boot.test.autoconfigure.web.client.MockRestServiceServerResetTestExecutionListener, org.springframework.boot.test.autoconfigure.web.servlet.MockMvcPrintOnlyOnFailureTestExecutionListener, org.springframework.boot.test.autoconfigure.web.servlet.WebDriverTestExecutionListener, org.springframework.test.context.web.ServletTestExecutionListener, org.springframework.test.context.support.DirtiesContextBeforeModesTestExecutionListener, org.springframework.test.context.support.DependencyInjectionTestExecutionListener, org.springframework.test.context.support.DirtiesContextTestExecutionListener, org.springframework.test.context.transaction.TransactionalTestExecutionListener, org.springframework.test.context.jdbc.SqlScriptsTestExecutionListener]
16:22:43.891 [main] INFO org.springframework.boot.test.context.SpringBootTestContextBootstrapper - Using TestExecutionListeners: [org.springframework.test.context.web.ServletTestExecutionListener@53ca01a2, org.springframework.test.context.support.DirtiesContextBeforeModesTestExecutionListener@358c99f5, org.springframework.boot.test.autoconfigure.SpringBootDependencyInjectionTestExecutionListener@3ee0fea4, org.springframework.test.context.support.DirtiesContextTestExecutionListener@48524010, org.springframework.test.context.transaction.TransactionalTestExecutionListener@4b168fa9, org.springframework.test.context.jdbc.SqlScriptsTestExecutionListener@1a84f40f, org.springframework.boot.test.mock.mockito.ResetMocksTestExecutionListener@23282c25, org.springframework.boot.test.mock.mockito.MockitoTestExecutionListener@7920ba90, org.springframework.boot.test.autoconfigure.web.servlet.WebDriverTestExecutionListener@6b419da, org.springframework.boot.test.autoconfigure.restdocs.RestDocsTestExecutionListener@3b2da18f, org.springframework.boot.test.autoconfigure.web.client.MockRestServiceServerResetTestExecutionListener@5906ebcb, org.springframework.boot.test.autoconfigure.web.servlet.MockMvcPrintOnlyOnFailureTestExecutionListener@258e2e41]
16:22:43.892 [main] DEBUG org.springframework.test.context.junit4.SpringJUnit4ClassRunner - SpringJUnit4ClassRunner constructor called with [class com.lsq.GirlServiceTest]
16:22:43.892 [main] DEBUG org.springframework.test.context.BootstrapUtils - Instantiating CacheAwareContextLoaderDelegate from class [org.springframework.test.context.cache.DefaultCacheAwareContextLoaderDelegate]
16:22:43.892 [main] DEBUG org.springframework.test.context.BootstrapUtils - Instantiating BootstrapContext using constructor [public org.springframework.test.context.support.DefaultBootstrapContext(java.lang.Class,org.springframework.test.context.CacheAwareContextLoaderDelegate)]
16:22:43.892 [main] DEBUG org.springframework.test.context.BootstrapUtils - Instantiating TestContextBootstrapper for test class [com.lsq.GirlServiceTest] from class [org.springframework.boot.test.context.SpringBootTestContextBootstrapper]
16:22:43.893 [main] INFO org.springframework.boot.test.context.SpringBootTestContextBootstrapper - Neither @ContextConfiguration nor @ContextHierarchy found for test class [com.lsq.GirlServiceTest], using SpringBootContextLoader
16:22:43.893 [main] DEBUG org.springframework.test.context.support.AbstractContextLoader - Did not detect default resource location for test class [com.lsq.GirlServiceTest]: class path resource [com/lsq/GirlServiceTest-context.xml] does not exist
16:22:43.893 [main] DEBUG org.springframework.test.context.support.AbstractContextLoader - Did not detect default resource location for test class [com.lsq.GirlServiceTest]: class path resource [com/lsq/GirlServiceTestContext.groovy] does not exist
16:22:43.893 [main] INFO org.springframework.test.context.support.AbstractContextLoader - Could not detect default resource locations for test class [com.lsq.GirlServiceTest]: no resource found for suffixes {-context.xml, Context.groovy}.
16:22:43.893 [main] INFO org.springframework.test.context.support.AnnotationConfigContextLoaderUtils - Could not detect default configuration classes for test class [com.lsq.GirlServiceTest]: GirlServiceTest does not declare any static, non-private, non-final, nested classes annotated with @Configuration.
16:22:43.897 [main] DEBUG org.springframework.test.context.support.ActiveProfilesUtils - Could not find an 'annotation declaring class' for annotation type [org.springframework.test.context.ActiveProfiles] and class [com.lsq.GirlServiceTest]
16:22:43.897 [main] DEBUG org.springframework.core.env.StandardEnvironment - Adding [systemProperties] PropertySource with lowest search precedence
16:22:43.897 [main] DEBUG org.springframework.core.env.StandardEnvironment - Adding [systemEnvironment] PropertySource with lowest search precedence
16:22:43.897 [main] DEBUG org.springframework.core.env.StandardEnvironment - Initialized StandardEnvironment with PropertySources [systemProperties,systemEnvironment]
16:22:43.897 [main] INFO org.springframework.boot.test.context.SpringBootTestContextBootstrapper - Found @SpringBootConfiguration com.lsq.FirstspringbootApplication for test class com.lsq.GirlServiceTest
16:22:43.898 [main] DEBUG org.springframework.boot.test.context.SpringBootTestContextBootstrapper - @TestExecutionListeners is not present for class [com.lsq.GirlServiceTest]: using defaults.
16:22:43.900 [main] INFO org.springframework.boot.test.context.SpringBootTestContextBootstrapper - Loaded default TestExecutionListener class names from location [META-INF/spring.factories]: [org.springframework.boot.test.mock.mockito.MockitoTestExecutionListener, org.springframework.boot.test.mock.mockito.ResetMocksTestExecutionListener, org.springframework.boot.test.autoconfigure.restdocs.RestDocsTestExecutionListener, org.springframework.boot.test.autoconfigure.web.client.MockRestServiceServerResetTestExecutionListener, org.springframework.boot.test.autoconfigure.web.servlet.MockMvcPrintOnlyOnFailureTestExecutionListener, org.springframework.boot.test.autoconfigure.web.servlet.WebDriverTestExecutionListener, org.springframework.test.context.web.ServletTestExecutionListener, org.springframework.test.context.support.DirtiesContextBeforeModesTestExecutionListener, org.springframework.test.context.support.DependencyInjectionTestExecutionListener, org.springframework.test.context.support.DirtiesContextTestExecutionListener, org.springframework.test.context.transaction.TransactionalTestExecutionListener, org.springframework.test.context.jdbc.SqlScriptsTestExecutionListener]
16:22:43.903 [main] INFO org.springframework.boot.test.context.SpringBootTestContextBootstrapper - Using TestExecutionListeners: [org.springframework.test.context.web.ServletTestExecutionListener@22635ba0, org.springframework.test.context.support.DirtiesContextBeforeModesTestExecutionListener@13c10b87, org.springframework.boot.test.autoconfigure.SpringBootDependencyInjectionTestExecutionListener@6a01e23, org.springframework.test.context.support.DirtiesContextTestExecutionListener@5a955565, org.springframework.test.context.transaction.TransactionalTestExecutionListener@6293abcc, org.springframework.test.context.jdbc.SqlScriptsTestExecutionListener@7995092a, org.springframework.boot.test.mock.mockito.ResetMocksTestExecutionListener@7fc2413d, org.springframework.boot.test.mock.mockito.MockitoTestExecutionListener@f8c1ddd, org.springframework.boot.test.autoconfigure.web.servlet.WebDriverTestExecutionListener@70be0a2b, org.springframework.boot.test.autoconfigure.restdocs.RestDocsTestExecutionListener@2133814f, org.springframework.boot.test.autoconfigure.web.client.MockRestServiceServerResetTestExecutionListener@4c15e7fd, org.springframework.boot.test.autoconfigure.web.servlet.MockMvcPrintOnlyOnFailureTestExecutionListener@23986957]
16:22:43.905 [main] DEBUG org.springframework.test.annotation.ProfileValueUtils - Retrieved @ProfileValueSourceConfiguration [null] for test class [com.lsq.controller.GirlControllerTest]
16:22:43.905 [main] DEBUG org.springframework.test.annotation.ProfileValueUtils - Retrieved ProfileValueSource type [class org.springframework.test.annotation.SystemProfileValueSource] for class [com.lsq.controller.GirlControllerTest]
16:22:43.906 [main] DEBUG org.springframework.test.annotation.ProfileValueUtils - Retrieved @ProfileValueSourceConfiguration [null] for test class [com.lsq.FirstspringbootApplicationTests]
16:22:43.906 [main] DEBUG org.springframework.test.annotation.ProfileValueUtils - Retrieved ProfileValueSource type [class org.springframework.test.annotation.SystemProfileValueSource] for class [com.lsq.FirstspringbootApplicationTests]
16:22:43.909 [main] DEBUG org.springframework.test.annotation.ProfileValueUtils - Retrieved @ProfileValueSourceConfiguration [null] for test class [com.lsq.GirlServiceTest]
16:22:43.910 [main] DEBUG org.springframework.test.annotation.ProfileValueUtils - Retrieved ProfileValueSource type [class org.springframework.test.annotation.SystemProfileValueSource] for class [com.lsq.GirlServiceTest]
16:22:43.911 [main] DEBUG org.springframework.test.context.junit4.SpringJUnit4ClassRunner - SpringJUnit4ClassRunner constructor called with [class com.lsq.controller.GirlControllerTest]
16:22:43.912 [main] DEBUG org.springframework.test.context.BootstrapUtils - Instantiating CacheAwareContextLoaderDelegate from class [org.springframework.test.context.cache.DefaultCacheAwareContextLoaderDelegate]
16:22:43.912 [main] DEBUG org.springframework.test.context.BootstrapUtils - Instantiating BootstrapContext using constructor [public org.springframework.test.context.support.DefaultBootstrapContext(java.lang.Class,org.springframework.test.context.CacheAwareContextLoaderDelegate)]
16:22:43.912 [main] DEBUG org.springframework.test.context.BootstrapUtils - Instantiating TestContextBootstrapper for test class [com.lsq.controller.GirlControllerTest] from class [org.springframework.boot.test.context.SpringBootTestContextBootstrapper]
16:22:43.913 [main] INFO org.springframework.boot.test.context.SpringBootTestContextBootstrapper - Neither @ContextConfiguration nor @ContextHierarchy found for test class [com.lsq.controller.GirlControllerTest], using SpringBootContextLoader
16:22:43.916 [main] DEBUG org.springframework.test.context.support.AbstractContextLoader - Did not detect default resource location for test class [com.lsq.controller.GirlControllerTest]: class path resource [com/lsq/controller/GirlControllerTest-context.xml] does not exist
16:22:43.916 [main] DEBUG org.springframework.test.context.support.AbstractContextLoader - Did not detect default resource location for test class [com.lsq.controller.GirlControllerTest]: class path resource [com/lsq/controller/GirlControllerTestContext.groovy] does not exist
16:22:43.916 [main] INFO org.springframework.test.context.support.AbstractContextLoader - Could not detect default resource locations for test class [com.lsq.controller.GirlControllerTest]: no resource found for suffixes {-context.xml, Context.groovy}.
16:22:43.917 [main] INFO org.springframework.test.context.support.AnnotationConfigContextLoaderUtils - Could not detect default configuration classes for test class [com.lsq.controller.GirlControllerTest]: GirlControllerTest does not declare any static, non-private, non-final, nested classes annotated with @Configuration.
16:22:43.923 [main] DEBUG org.springframework.test.context.support.ActiveProfilesUtils - Could not find an 'annotation declaring class' for annotation type [org.springframework.test.context.ActiveProfiles] and class [com.lsq.controller.GirlControllerTest]
16:22:43.924 [main] DEBUG org.springframework.core.env.StandardEnvironment - Adding [systemProperties] PropertySource with lowest search precedence
16:22:43.925 [main] DEBUG org.springframework.core.env.StandardEnvironment - Adding [systemEnvironment] PropertySource with lowest search precedence
16:22:43.925 [main] DEBUG org.springframework.core.env.StandardEnvironment - Initialized StandardEnvironment with PropertySources [systemProperties,systemEnvironment]
16:22:43.925 [main] INFO org.springframework.boot.test.context.SpringBootTestContextBootstrapper - Found @SpringBootConfiguration com.lsq.FirstspringbootApplication for test class com.lsq.controller.GirlControllerTest
16:22:43.926 [main] DEBUG org.springframework.boot.test.context.SpringBootTestContextBootstrapper - @TestExecutionListeners is not present for class [com.lsq.controller.GirlControllerTest]: using defaults.
16:22:43.929 [main] INFO org.springframework.boot.test.context.SpringBootTestContextBootstrapper - Loaded default TestExecutionListener class names from location [META-INF/spring.factories]: [org.springframework.boot.test.mock.mockito.MockitoTestExecutionListener, org.springframework.boot.test.mock.mockito.ResetMocksTestExecutionListener, org.springframework.boot.test.autoconfigure.restdocs.RestDocsTestExecutionListener, org.springframework.boot.test.autoconfigure.web.client.MockRestServiceServerResetTestExecutionListener, org.springframework.boot.test.autoconfigure.web.servlet.MockMvcPrintOnlyOnFailureTestExecutionListener, org.springframework.boot.test.autoconfigure.web.servlet.WebDriverTestExecutionListener, org.springframework.test.context.web.ServletTestExecutionListener, org.springframework.test.context.support.DirtiesContextBeforeModesTestExecutionListener, org.springframework.test.context.support.DependencyInjectionTestExecutionListener, org.springframework.test.context.support.DirtiesContextTestExecutionListener, org.springframework.test.context.transaction.TransactionalTestExecutionListener, org.springframework.test.context.jdbc.SqlScriptsTestExecutionListener]
16:22:43.931 [main] INFO org.springframework.boot.test.context.SpringBootTestContextBootstrapper - Using TestExecutionListeners: [org.springframework.test.context.web.ServletTestExecutionListener@1ed1993a, org.springframework.test.context.support.DirtiesContextBeforeModesTestExecutionListener@1f3f4916, org.springframework.boot.test.autoconfigure.SpringBootDependencyInjectionTestExecutionListener@794cb805, org.springframework.test.context.support.DirtiesContextTestExecutionListener@4b5a5ed1, org.springframework.test.context.transaction.TransactionalTestExecutionListener@59d016c9, org.springframework.test.context.jdbc.SqlScriptsTestExecutionListener@3cc2931c, org.springframework.boot.test.mock.mockito.ResetMocksTestExecutionListener@20d28811, org.springframework.boot.test.mock.mockito.MockitoTestExecutionListener@3967e60c, org.springframework.boot.test.autoconfigure.web.servlet.WebDriverTestExecutionListener@60d8c9b7, org.springframework.boot.test.autoconfigure.restdocs.RestDocsTestExecutionListener@48aaecc3, org.springframework.boot.test.autoconfigure.web.client.MockRestServiceServerResetTestExecutionListener@7c0c77c7, org.springframework.boot.test.autoconfigure.web.servlet.MockMvcPrintOnlyOnFailureTestExecutionListener@7adda9cc]
16:22:43.931 [main] DEBUG org.springframework.test.annotation.ProfileValueUtils - Retrieved @ProfileValueSourceConfiguration [null] for test class [com.lsq.controller.GirlControllerTest]
16:22:43.931 [main] DEBUG org.springframework.test.annotation.ProfileValueUtils - Retrieved ProfileValueSource type [class org.springframework.test.annotation.SystemProfileValueSource] for class [com.lsq.controller.GirlControllerTest]
16:22:43.933 [main] DEBUG org.springframework.test.annotation.ProfileValueUtils - Retrieved @ProfileValueSourceConfiguration [null] for test class [com.lsq.controller.GirlControllerTest]
16:22:43.933 [main] DEBUG org.springframework.test.annotation.ProfileValueUtils - Retrieved ProfileValueSource type [class org.springframework.test.annotation.SystemProfileValueSource] for class [com.lsq.controller.GirlControllerTest]
16:22:43.935 [main] DEBUG org.springframework.test.context.support.AbstractDirtiesContextTestExecutionListener - Before test class: context [DefaultTestContext@149e0f5d testClass = GirlControllerTest, testInstance = [null], testMethod = [null], testException = [null], mergedContextConfiguration = [WebMergedContextConfiguration@1b1473ab testClass = GirlControllerTest, locations = '{}', classes = '{class com.lsq.FirstspringbootApplication}', contextInitializerClasses = '[]', activeProfiles = '{}', propertySourceLocations = '{}', propertySourceProperties = '{org.springframework.boot.test.context.SpringBootTestContextBootstrapper=true}', contextCustomizers = set[[ImportsContextCustomizer@2f7c2f4f key = [Package Import com.lsq.controller, org.springframework.boot.test.autoconfigure.web.servlet.MockMvcAutoConfiguration, org.springframework.boot.test.autoconfigure.web.servlet.MockMvcSecurityAutoConfiguration, org.springframework.boot.test.autoconfigure.web.servlet.MockMvcWebClientAutoConfiguration, org.springframework.boot.test.autoconfigure.web.servlet.MockMvcWebDriverAutoConfiguration]], org.springframework.boot.test.context.SpringBootTestContextCustomizer@4232c52b, org.springframework.boot.test.context.filter.ExcludeFilterContextCustomizer@458c1321, org.springframework.boot.test.mock.mockito.MockitoContextCustomizer@0, org.springframework.boot.test.autoconfigure.properties.PropertyMappingContextCustomizer@e7e8512, org.springframework.boot.test.autoconfigure.web.servlet.WebDriverContextCustomizerFactory$Customizer@3234e239], resourceBasePath = 'src/main/webapp', contextLoader = 'org.springframework.boot.test.context.SpringBootContextLoader', parent = [null]]], class annotated with @DirtiesContext [false] with mode [null].
16:22:43.936 [main] DEBUG org.springframework.test.annotation.ProfileValueUtils - Retrieved @ProfileValueSourceConfiguration [null] for test class [com.lsq.controller.GirlControllerTest]
16:22:43.936 [main] DEBUG org.springframework.test.annotation.ProfileValueUtils - Retrieved ProfileValueSource type [class org.springframework.test.annotation.SystemProfileValueSource] for class [com.lsq.controller.GirlControllerTest]
16:22:43.977 [main] DEBUG org.springframework.core.env.StandardEnvironment - Adding [systemProperties] PropertySource with lowest search precedence
16:22:43.977 [main] DEBUG org.springframework.core.env.StandardEnvironment - Adding [systemEnvironment] PropertySource with lowest search precedence
16:22:43.977 [main] DEBUG org.springframework.core.env.StandardEnvironment - Initialized StandardEnvironment with PropertySources [systemProperties,systemEnvironment]
16:22:43.978 [main] DEBUG org.springframework.core.env.MutablePropertySources - Adding [inline] PropertySource with highest search precedence
16:22:43.981 [main] DEBUG org.springframework.test.context.support.TestPropertySourceUtils - Adding inlined properties to environment: {spring.jmx.enabled=false, org.springframework.boot.test.context.SpringBootTestContextBootstrapper=true, server.port=-1}
16:22:43.982 [main] DEBUG org.springframework.core.env.StandardEnvironment - Adding [Inlined Test Properties] PropertySource with highest search precedence

  .   ____          _            __ _ _
 /\\ / ___'_ __ _ _(_)_ __  __ _ \ \ \ \
( ( )\___ | '_ | '_| | '_ \/ _` | \ \ \ \
 \\/  ___)| |_)| | | | | || (_| |  ) ) ) )
  '  |____| .__|_| |_|_| |_\__, | / / / /
 =========|_|==============|___/=/_/_/_/
 :: Spring Boot ::        (v1.5.2.RELEASE)

2017-03-19 16:22:44.269  INFO 8572 --- [           main] com.lsq.controller.GirlControllerTest    : Starting GirlControllerTest on Administrator with PID 8572 (started by Administrator in D:\program\idea_workspace\firstspringboot)
2017-03-19 16:22:44.271  INFO 8572 --- [           main] com.lsq.controller.GirlControllerTest    : The following profiles are active: dev
2017-03-19 16:22:44.283  INFO 8572 --- [           main] o.s.w.c.s.GenericWebApplicationContext   : Refreshing org.springframework.web.context.support.GenericWebApplicationContext@2438dcd: startup date [Sun Mar 19 16:22:44 CST 2017]; root of context hierarchy
2017-03-19 16:22:45.233  INFO 8572 --- [           main] trationDelegate$BeanPostProcessorChecker : Bean 'org.springframework.transaction.annotation.ProxyTransactionManagementConfiguration' of type [org.springframework.transaction.annotation.ProxyTransactionManagementConfiguration$$EnhancerBySpringCGLIB$$c2ef755] is not eligible for getting processed by all BeanPostProcessors (for example: not eligible for auto-proxying)
2017-03-19 16:22:45.870  INFO 8572 --- [           main] j.LocalContainerEntityManagerFactoryBean : Building JPA container EntityManagerFactory for persistence unit 'default'
2017-03-19 16:22:45.882  INFO 8572 --- [           main] o.hibernate.jpa.internal.util.LogHelper  : HHH000204: Processing PersistenceUnitInfo [
	name: default
	...]
2017-03-19 16:22:45.939  INFO 8572 --- [           main] org.hibernate.Version                    : HHH000412: Hibernate Core {5.0.12.Final}
2017-03-19 16:22:45.941  INFO 8572 --- [           main] org.hibernate.cfg.Environment            : HHH000206: hibernate.properties not found
2017-03-19 16:22:45.942  INFO 8572 --- [           main] org.hibernate.cfg.Environment            : HHH000021: Bytecode provider name : javassist
2017-03-19 16:22:45.975  INFO 8572 --- [           main] o.hibernate.annotations.common.Version   : HCANN000001: Hibernate Commons Annotations {5.0.1.Final}
2017-03-19 16:22:46.128  INFO 8572 --- [           main] org.hibernate.dialect.Dialect            : HHH000400: Using dialect: org.hibernate.dialect.MySQL5Dialect
2017-03-19 16:22:46.574  INFO 8572 --- [           main] org.hibernate.tool.hbm2ddl.SchemaUpdate  : HHH000228: Running hbm2ddl schema update
2017-03-19 16:22:46.632  INFO 8572 --- [           main] j.LocalContainerEntityManagerFactoryBean : Initialized JPA EntityManagerFactory for persistence unit 'default'
2017-03-19 16:22:47.025  INFO 8572 --- [           main] o.s.b.t.m.w.SpringBootMockServletContext : Initializing Spring FrameworkServlet ''
2017-03-19 16:22:47.026  INFO 8572 --- [           main] o.s.t.web.servlet.TestDispatcherServlet  : FrameworkServlet '': initialization started
2017-03-19 16:22:47.246  INFO 8572 --- [           main] s.w.s.m.m.a.RequestMappingHandlerMapping : Mapped "{[/girls],methods=[GET]}" onto public java.util.List<com.lsq.domain.Girl> com.lsq.controller.GirlController.getGirlList()
2017-03-19 16:22:47.246  INFO 8572 --- [           main] s.w.s.m.m.a.RequestMappingHandlerMapping : Mapped "{[/verify/age/{id}],methods=[GET]}" onto public void com.lsq.controller.GirlController.getAge(java.lang.Integer) throws java.lang.Exception
2017-03-19 16:22:47.247  INFO 8572 --- [           main] s.w.s.m.m.a.RequestMappingHandlerMapping : Mapped "{[/girls],methods=[POST]}" onto public java.lang.Object com.lsq.controller.GirlController.addGirl(com.lsq.domain.Girl,org.springframework.validation.BindingResult)
2017-03-19 16:22:47.247  INFO 8572 --- [           main] s.w.s.m.m.a.RequestMappingHandlerMapping : Mapped "{[/girls/{id}],methods=[POST]}" onto public com.lsq.domain.Girl com.lsq.controller.GirlController.getGirl(java.lang.Integer)
2017-03-19 16:22:47.247  INFO 8572 --- [           main] s.w.s.m.m.a.RequestMappingHandlerMapping : Mapped "{[/girls/{id}],methods=[PUT]}" onto public com.lsq.domain.Girl com.lsq.controller.GirlController.updateGirl(java.lang.Integer,java.lang.String,java.lang.Integer)
2017-03-19 16:22:47.247  INFO 8572 --- [           main] s.w.s.m.m.a.RequestMappingHandlerMapping : Mapped "{[/girls/{id}],methods=[DELETE]}" onto public void com.lsq.controller.GirlController.updateGirl(java.lang.Integer)
2017-03-19 16:22:47.247  INFO 8572 --- [           main] s.w.s.m.m.a.RequestMappingHandlerMapping : Mapped "{[/girls/age/{age}],methods=[GET]}" onto public java.util.List<com.lsq.domain.Girl> com.lsq.controller.GirlController.getGirls(java.lang.Integer)
2017-03-19 16:22:47.247  INFO 8572 --- [           main] s.w.s.m.m.a.RequestMappingHandlerMapping : Mapped "{[/hello || /hi],methods=[GET]}" onto public java.lang.String com.lsq.controller.HelloController.say()
2017-03-19 16:22:47.250  INFO 8572 --- [           main] s.w.s.m.m.a.RequestMappingHandlerMapping : Mapped "{[/error]}" onto public org.springframework.http.ResponseEntity<java.util.Map<java.lang.String, java.lang.Object>> org.springframework.boot.autoconfigure.web.BasicErrorController.error(javax.servlet.http.HttpServletRequest)
2017-03-19 16:22:47.251  INFO 8572 --- [           main] s.w.s.m.m.a.RequestMappingHandlerMapping : Mapped "{[/error],produces=[text/html]}" onto public org.springframework.web.servlet.ModelAndView org.springframework.boot.autoconfigure.web.BasicErrorController.errorHtml(javax.servlet.http.HttpServletRequest,javax.servlet.http.HttpServletResponse)
2017-03-19 16:22:47.276  INFO 8572 --- [           main] o.s.w.s.handler.SimpleUrlHandlerMapping  : Mapped URL path [/webjars/**] onto handler of type [class org.springframework.web.servlet.resource.ResourceHttpRequestHandler]
2017-03-19 16:22:47.276  INFO 8572 --- [           main] o.s.w.s.handler.SimpleUrlHandlerMapping  : Mapped URL path [/**] onto handler of type [class org.springframework.web.servlet.resource.ResourceHttpRequestHandler]
2017-03-19 16:22:47.291  INFO 8572 --- [           main] o.s.w.s.handler.SimpleUrlHandlerMapping  : Mapped URL path [/**/favicon.ico] onto handler of type [class org.springframework.web.servlet.resource.ResourceHttpRequestHandler]
2017-03-19 16:22:47.369  INFO 8572 --- [           main] s.w.s.m.m.a.RequestMappingHandlerAdapter : Looking for @ControllerAdvice: org.springframework.web.context.support.GenericWebApplicationContext@2438dcd: startup date [Sun Mar 19 16:22:44 CST 2017]; root of context hierarchy
2017-03-19 16:22:47.423  INFO 8572 --- [           main] .m.m.a.ExceptionHandlerExceptionResolver : Detected @ExceptionHandler methods in exceptionHandle
2017-03-19 16:22:47.483  INFO 8572 --- [           main] o.s.t.web.servlet.TestDispatcherServlet  : FrameworkServlet '': initialization completed in 457 ms
2017-03-19 16:22:47.680  INFO 8572 --- [           main] com.lsq.controller.GirlControllerTest    : Started GirlControllerTest in 3.69 seconds (JVM running for 4.265)
2017-03-19 16:22:47.741  WARN 8572 --- [           main] com.lsq.aspect.HttpAspect                : 鏂规硶涔嬪墠鎵ц
2017-03-19 16:22:47.742  INFO 8572 --- [           main] com.lsq.aspect.HttpAspect                : url=http://localhost/girls
2017-03-19 16:22:47.742  INFO 8572 --- [           main] com.lsq.aspect.HttpAspect                : method=GET
2017-03-19 16:22:47.742  INFO 8572 --- [           main] com.lsq.aspect.HttpAspect                : ip=127.0.0.1
2017-03-19 16:22:47.744  INFO 8572 --- [           main] com.lsq.aspect.HttpAspect                : class_method=com.lsq.controller.GirlController.getGirlList
2017-03-19 16:22:47.744  INFO 8572 --- [           main] com.lsq.aspect.HttpAspect                : args={}
2017-03-19 16:22:47.766  INFO 8572 --- [           main] o.h.h.i.QueryTranslatorFactoryInitiator  : HHH000397: Using ASTQueryTranslatorFactory
Hibernate: select girl0_.id as id1_0_, girl0_.age as age2_0_, girl0_.cup_size as cup_size3_0_ from girl girl0_
2017-03-19 16:22:47.873  INFO 8572 --- [           main] com.lsq.aspect.HttpAspect                : 22222
2017-03-19 16:22:47.874  WARN 8572 --- [           main] com.lsq.aspect.HttpAspect                : response=[Girl{id=1, cupSize='A', age=18}, Girl{id=2, cupSize='C', age=20}, Girl{id=3, cupSize='C', age=15}, Girl{id=18, cupSize='F', age=5}]

MockHttpServletRequest:
      HTTP Method = GET
      Request URI = /girls
       Parameters = {}
          Headers = {}

Handler:
             Type = com.lsq.controller.GirlController
           Method = public java.util.List<com.lsq.domain.Girl> com.lsq.controller.GirlController.getGirlList()

Async:
    Async started = false
     Async result = null

Resolved Exception:
             Type = null

ModelAndView:
        View name = null
             View = null
            Model = null

FlashMap:
       Attributes = null

MockHttpServletResponse:
           Status = 200
    Error message = null
          Headers = {Content-Type=[application/json;charset=UTF-8]}
     Content type = application/json;charset=UTF-8
             Body = [{"id":1,"cupSize":"A","age":18},{"id":2,"cupSize":"C","age":20},{"id":3,"cupSize":"C","age":15},{"id":18,"cupSize":"F","age":5}]
    Forwarded URL = null
   Redirected URL = null
          Cookies = []
]]></system-out>
    <system-err><![CDATA[Sun Mar 19 16:22:45 CST 2017 WARN: Establishing SSL connection without server's identity verification is not recommended. According to MySQL 5.5.45+, 5.6.26+ and 5.7.6+ requirements SSL connection must be established by default if explicit option isn't set. For compliance with existing applications not using SSL the verifyServerCertificate property is set to 'false'. You need either to explicitly disable SSL by setting useSSL=false, or set useSSL=true and provide truststore for server certificate verification.
Sun Mar 19 16:22:45 CST 2017 WARN: Establishing SSL connection without server's identity verification is not recommended. According to MySQL 5.5.45+, 5.6.26+ and 5.7.6+ requirements SSL connection must be established by default if explicit option isn't set. For compliance with existing applications not using SSL the verifyServerCertificate property is set to 'false'. You need either to explicitly disable SSL by setting useSSL=false, or set useSSL=true and provide truststore for server certificate verification.
Sun Mar 19 16:22:45 CST 2017 WARN: Establishing SSL connection without server's identity verification is not recommended. According to MySQL 5.5.45+, 5.6.26+ and 5.7.6+ requirements SSL connection must be established by default if explicit option isn't set. For compliance with existing applications not using SSL the verifyServerCertificate property is set to 'false'. You need either to explicitly disable SSL by setting useSSL=false, or set useSSL=true and provide truststore for server certificate verification.
Sun Mar 19 16:22:45 CST 2017 WARN: Establishing SSL connection without server's identity verification is not recommended. According to MySQL 5.5.45+, 5.6.26+ and 5.7.6+ requirements SSL connection must be established by default if explicit option isn't set. For compliance with existing applications not using SSL the verifyServerCertificate property is set to 'false'. You need either to explicitly disable SSL by setting useSSL=false, or set useSSL=true and provide truststore for server certificate verification.
Sun Mar 19 16:22:45 CST 2017 WARN: Establishing SSL connection without server's identity verification is not recommended. According to MySQL 5.5.45+, 5.6.26+ and 5.7.6+ requirements SSL connection must be established by default if explicit option isn't set. For compliance with existing applications not using SSL the verifyServerCertificate property is set to 'false'. You need either to explicitly disable SSL by setting useSSL=false, or set useSSL=true and provide truststore for server certificate verification.
Sun Mar 19 16:22:45 CST 2017 WARN: Establishing SSL connection without server's identity verification is not recommended. According to MySQL 5.5.45+, 5.6.26+ and 5.7.6+ requirements SSL connection must be established by default if explicit option isn't set. For compliance with existing applications not using SSL the verifyServerCertificate property is set to 'false'. You need either to explicitly disable SSL by setting useSSL=false, or set useSSL=true and provide truststore for server certificate verification.
Sun Mar 19 16:22:45 CST 2017 WARN: Establishing SSL connection without server's identity verification is not recommended. According to MySQL 5.5.45+, 5.6.26+ and 5.7.6+ requirements SSL connection must be established by default if explicit option isn't set. For compliance with existing applications not using SSL the verifyServerCertificate property is set to 'false'. You need either to explicitly disable SSL by setting useSSL=false, or set useSSL=true and provide truststore for server certificate verification.
Sun Mar 19 16:22:45 CST 2017 WARN: Establishing SSL connection without server's identity verification is not recommended. According to MySQL 5.5.45+, 5.6.26+ and 5.7.6+ requirements SSL connection must be established by default if explicit option isn't set. For compliance with existing applications not using SSL the verifyServerCertificate property is set to 'false'. You need either to explicitly disable SSL by setting useSSL=false, or set useSSL=true and provide truststore for server certificate verification.
Sun Mar 19 16:22:45 CST 2017 WARN: Establishing SSL connection without server's identity verification is not recommended. According to MySQL 5.5.45+, 5.6.26+ and 5.7.6+ requirements SSL connection must be established by default if explicit option isn't set. For compliance with existing applications not using SSL the verifyServerCertificate property is set to 'false'. You need either to explicitly disable SSL by setting useSSL=false, or set useSSL=true and provide truststore for server certificate verification.
Sun Mar 19 16:22:45 CST 2017 WARN: Establishing SSL connection without server's identity verification is not recommended. According to MySQL 5.5.45+, 5.6.26+ and 5.7.6+ requirements SSL connection must be established by default if explicit option isn't set. For compliance with existing applications not using SSL the verifyServerCertificate property is set to 'false'. You need either to explicitly disable SSL by setting useSSL=false, or set useSSL=true and provide truststore for server certificate verification.
]]></system-err>
  </testcase>
</testsuite>